EyptBeacon/proguard/seeds.txt
com.axaet.axaibeacon.R$anim: int fadein_spalsh
com.axaet.axaibeacon.R$anim: int fadeout_spalsh
com.axaet.axaibeacon.R$color: int btn1
com.axaet.axaibeacon.R$color: int btn2
com.axaet.axaibeacon.R$color: int transparent
com.axaet.axaibeacon.R$dimen: int activity_horizontal_margin
com.axaet.axaibeacon.R$dimen: int activity_vertical_margin
com.axaet.axaibeacon.R$drawable: int backg
com.axaet.axaibeacon.R$drawable: int base_edit_input
com.axaet.axaibeacon.R$drawable: int base_horization_line
com.axaet.axaibeacon.R$drawable: int bg_splash
com.axaet.axaibeacon.R$drawable: int btn_temperature
com.axaet.axaibeacon.R$drawable: int button_selector
com.axaet.axaibeacon.R$drawable: int collection
com.axaet.axaibeacon.R$drawable: int gray
com.axaet.axaibeacon.R$drawable: int green
com.axaet.axaibeacon.R$drawable: int home_type_bg
com.axaet.axaibeacon.R$drawable: int huise
com.axaet.axaibeacon.R$drawable: int iblogo
com.axaet.axaibeacon.R$drawable: int ic_launcher
com.axaet.axaibeacon.R$drawable: int ic_titleputure
com.axaet.axaibeacon.R$drawable: int input_bg
com.axaet.axaibeacon.R$drawable: int lin_but
com.axaet.axaibeacon.R$drawable: int passwordicon
com.axaet.axaibeacon.R$drawable: int progress_custom_bg
com.axaet.axaibeacon.R$drawable: int progressbar_rotate
com.axaet.axaibeacon.R$drawable: int red
com.axaet.axaibeacon.R$drawable: int white
com.axaet.axaibeacon.R$id: int Confirmpassword
com.axaet.axaibeacon.R$id: int LinearLayout1
com.axaet.axaibeacon.R$id: int Period
com.axaet.axaibeacon.R$id: int RelativeLayout1
com.axaet.axaibeacon.R$id: int bt_so
com.axaet.axaibeacon.R$id: int button_modify
com.axaet.axaibeacon.R$id: int collection
com.axaet.axaibeacon.R$id: int collection1
com.axaet.axaibeacon.R$id: int collection3
com.axaet.axaibeacon.R$id: int collection5
com.axaet.axaibeacon.R$id: int deviceName
com.axaet.axaibeacon.R$id: int deviceName_text
com.axaet.axaibeacon.R$id: int edit
com.axaet.axaibeacon.R$id: int edit_txpower
com.axaet.axaibeacon.R$id: int imageTitle
com.axaet.axaibeacon.R$id: int include1
com.axaet.axaibeacon.R$id: int keyboard_view
com.axaet.axaibeacon.R$id: int listView_device
com.axaet.axaibeacon.R$id: int major_text
com.axaet.axaibeacon.R$id: int message
com.axaet.axaibeacon.R$id: int minor_text
com.axaet.axaibeacon.R$id: int newpassword
com.axaet.axaibeacon.R$id: int number_text
com.axaet.axaibeacon.R$id: int oldpassword
com.axaet.axaibeacon.R$id: int password
com.axaet.axaibeacon.R$id: int pb4
com.axaet.axaibeacon.R$id: int period_text
com.axaet.axaibeacon.R$id: int progressBar
com.axaet.axaibeacon.R$id: int scrollView
com.axaet.axaibeacon.R$id: int setpassword
com.axaet.axaibeacon.R$id: int text_devicenum
com.axaet.axaibeacon.R$id: int txt_deviceName
com.axaet.axaibeacon.R$id: int txt_humidity
com.axaet.axaibeacon.R$id: int txt_mac
com.axaet.axaibeacon.R$layout: int activity_main
com.axaet.axaibeacon.R$layout: int activity_modifyibeacon
com.axaet.axaibeacon.R$layout: int activity_modifypassword
com.axaet.axaibeacon.R$layout: int activity_scan
com.axaet.axaibeacon.R$layout: int common_header
com.axaet.axaibeacon.R$layout: int common_header2
com.axaet.axaibeacon.R$layout: int keyboardview
com.axaet.axaibeacon.R$layout: int keycontent
com.axaet.axaibeacon.R$layout: int listitem_device
com.axaet.axaibeacon.R$layout: int listitem_sensor
com.axaet.axaibeacon.R$layout: int progress_custom
com.axaet.axaibeacon.R$layout: int view_line
...
android.support.annotation.Keep
android.support.v4.app.BackStackState: android.os.Parcelable$Creator CREATOR
android.support.v4.app.Fragment$SavedState: android.os.Parcelable$Creator CREATOR
android.support.v4.app.FragmentManagerState: android.os.Parcelable$Creator CREATOR
android.support.v4.app.FragmentState: android.os.Parcelable$Creator CREATOR
android.support.v4.app.FragmentTabHost: void setOnTabChangedListener(android.widget.TabHost$OnTabChangeListener)
android.support.v4.app.FragmentTabHost$SavedState: android.os.Parcelable$Creator CREATOR
android.support.v4.content.ModernAsyncTask$Status: android.support.v4.content.ModernAsyncTask$Status[] values()
android.support.v4.content.ModernAsyncTask$Status: android.support.v4.content.ModernAsyncTask$Status valueOf(java.lang.String)
android.support.v4.media.MediaBrowserCompat$MediaItem: android.os.Parcelable$Creator CREATOR
android.support.v4.media.MediaDescriptionCompat: android.os.Parcelable$Creator CREATOR
android.support.v4.media.MediaMetadataCompat: android.os.Parcelable$Creator CREATOR
android.support.v4.media.RatingCompat: android.os.Parcelable$Creator CREATOR
android.support.v4.media.session.MediaSessionCompat$QueueItem: android.os.Parcelable$Creator CREATOR
android.support.v4.media.session.MediaSessionCompat$ResultReceiverWrapper: android.os.Parcelable$Creator CREATOR
android.support.v4.media.session.MediaSessionCompat$Token: android.os.Parcelable$Creator CREATOR
android.support.v4.media.session.ParcelableVolumeInfo: android.os.Parcelable$Creator CREATOR
android.support.v4.media.session.PlaybackStateCompat: android.os.Parcelable$Creator CREATOR
android.support.v4.media.session.PlaybackStateCompat$CustomAction: android.os.Parcelable$Creator CREATOR
android.support.v4.os.ResultReceiver: android.os.Parcelable$Creator CREATOR
android.support.v4.view.PagerTabStrip: void setTabIndicatorColor(int)
android.support.v4.view.PagerTabStrip: void setTabIndicatorColorResource(int)
android.support.v4.view.PagerTabStrip: int getTabIndicatorColor()
android.support.v4.view.PagerTabStrip: void setTextSpacing(int)
android.support.v4.view.PagerTabStrip: void setBackgroundDrawable(android.graphics.drawable.Drawable)
android.support.v4.view.PagerTabStrip: void setBackgroundColor(int)
android.support.v4.view.PagerTabStrip: void setBackgroundResource(int)
android.support.v4.view.PagerTabStrip: void setDrawFullUnderline(boolean)
android.support.v4.view.PagerTabStrip: boolean getDrawFullUnderline()
android.support.v4.view.PagerTabStrip: int getMinHeight()
android.support.v4.view.PagerTitleStrip: void setSingleLineAllCaps(android.widget.TextView)
android.support.v4.view.PagerTitleStrip: void setTextSpacing(int)
android.support.v4.view.PagerTitleStrip: int getTextSpacing()
android.support.v4.view.PagerTitleStrip: void setNonPrimaryAlpha(float)
android.support.v4.view.PagerTitleStrip: void setTextColor(int)
android.support.v4.view.PagerTitleStrip: void setGravity(int)
android.support.v4.view.PagerTitleStrip: int getMinHeight()