EyptBeacon/proguard/usage.txt
com.axaet.axaibeacon.BuildConfig
com.axaet.axaibeacon.R
com.axaet.axaibeacon.R$anim
com.axaet.axaibeacon.R$attr
com.axaet.axaibeacon.R$color
com.axaet.axaibeacon.R$dimen
com.axaet.axaibeacon.R$drawable
com.axaet.axaibeacon.R$id
com.axaet.axaibeacon.R$layout
com.axaet.axaibeacon.R$string
com.axaet.axaibeacon.R$style
...
android.support.v4.view.ViewPager$SimpleOnPageChangeListener
android.support.v4.view.ViewPager$ViewPositionComparator
android.support.v4.view.ViewParentCompat
android.support.v4.view.ViewParentCompat$ViewParentCompatICSImpl
android.support.v4.view.ViewParentCompat$ViewParentCompatImpl
android.support.v4.view.ViewParentCompat$ViewParentCompatKitKatImpl
android.support.v4.view.ViewParentCompat$ViewParentCompatLollipopImpl
android.support.v4.view.ViewParentCompat$ViewParentCompatStubImpl
android.support.v4.view.ViewParentCompatICS
android.support.v4.view.ViewParentCompatKitKat
android.support.v4.view.ViewParentCompatLollipop
android.support.v4.view.ViewPropertyAnimatorCompat
android.support.v4.view.ViewPropertyAnimatorCompat$1
android.support.v4.view.ViewPropertyAnimatorCompat$BaseViewPropertyAnimatorCompatImpl
android.support.v4.view.ViewPropertyAnimatorCompat$BaseViewPropertyAnimatorCompatImpl$Starter
android.support.v4.view.ViewPropertyAnimatorCompat$ICSViewPropertyAnimatorCompatImpl
android.support.v4.view.ViewPropertyAnimatorCompat$ICSViewPropertyAnimatorCompatImpl$MyVpaListener
android.support.v4.view.ViewPropertyAnimatorCompat$JBMr2ViewPropertyAnimatorCompatImpl
android.support.v4.view.ViewPropertyAnimatorCompat$JBViewPropertyAnimatorCompatImpl
android.support.v4.view.ViewPropertyAnimatorCompat$KitKatViewPropertyAnimatorCompatImpl
android.support.v4.view.ViewPropertyAnimatorCompat$LollipopViewPropertyAnimatorCompatImpl
android.support.v4.view.ViewPropertyAnimatorCompat$ViewPropertyAnimatorCompatImpl
android.support.v4.view.ViewPropertyAnimatorCompatICS
android.support.v4.view.ViewPropertyAnimatorCompatICS$1
android.support.v4.view.ViewPropertyAnimatorCompatJB
android.support.v4.view.ViewPropertyAnimatorCompatJB$1
android.support.v4.view.ViewPropertyAnimatorCompatJellybeanMr2
android.support.v4.view.ViewPropertyAnimatorCompatKK
android.support.v4.view.ViewPropertyAnimatorCompatKK$1
android.support.v4.view.ViewPropertyAnimatorCompatLollipop
android.support.v4.view.ViewPropertyAnimatorListener
android.support.v4.view.ViewPropertyAnimatorListenerAdapter
android.support.v4.view.ViewPropertyAnimatorUpdateListener
android.support.v4.view.WindowCompat
android.support.v4.view.WindowInsetsCompat
android.support.v4.view.WindowInsetsCompatApi21
android.support.v4.view.accessibility.AccessibilityEventCompat
android.support.v4.view.accessibility.AccessibilityEventCompat$AccessibilityEventIcsImpl
android.support.v4.view.accessibility.AccessibilityEventCompat$AccessibilityEventKitKatImpl
android.support.v4.view.accessibility.AccessibilityEventCompat$AccessibilityEventStubImpl
android.support.v4.view.accessibility.AccessibilityEventCompat$AccessibilityEventVersionImpl
android.support.v4.view.accessibility.AccessibilityEventCompatIcs
android.support.v4.view.accessibility.AccessibilityEventCompatKitKat
android.support.v4.view.accessibility.AccessibilityManagerCompat
android.support.v4.view.accessibility.AccessibilityManagerCompat$AccessibilityManagerIcsImpl
android.support.v4.view.accessibility.AccessibilityManagerCompat$AccessibilityManagerIcsImpl$1
android.support.v4.view.accessibility.AccessibilityManagerCompat$AccessibilityManagerStubImpl
android.support.v4.view.accessibility.AccessibilityManagerCompat$AccessibilityManagerVersionImpl
android.support.v4.view.accessibility.AccessibilityManagerCompat$AccessibilityStateChangeListenerCompat
android.support.v4.view.accessibility.AccessibilityManagerCompatIcs
android.support.v4.view.accessibility.AccessibilityManagerCompatIcs$1
android.support.v4.view.accessibility.AccessibilityManagerCompatIcs$AccessibilityStateChangeListenerBridge
android.support.v4.view.accessibility.AccessibilityNodeInfoCompat
android.support.v4.view.accessibility.AccessibilityNodeInfoCompat$1
android.support.v4.view.accessibility.AccessibilityNodeInfoCompat$AccessibilityActionCompat